<?xml version="1.0" encoding="UTF-8"?>
<!-- Generated by org.testng.reporters.JUnitXMLReporter -->
<testsuite hostname="DESKTOP-J896QN7" ignored="0" name="Surefire test" tests="18" failures="0" timestamp="28 Jun 2021 06:58:48 GMT" time="294.896" errors="0">
  <testcase name="verifyBulkGuardLabelTest" time="0.084" classname="com.NForce.qa.testcases.BulkGuardPageTest"/>
  <testcase name="verifyDashboardTitleTest" time="0.012" classname="com.NForce.qa.testcases.DashboardPageTest"/>
  <testcase name="verifyIsHardBlockGtPageTest" time="1.626" classname="com.NForce.qa.testcases.HardBlockGTPageTest"/>
  <testcase name="controlOnLoginPage" time="0.03" classname="com.NForce.qa.testcases.LoginPageTest"/>
  <testcase name="verifyClickOnSearchWildcardsTest" time="0.219" classname="com.NForce.qa.testcases.BulkGuardPageTest"/>
  <testcase name="verifyUserNameTest" time="0.292" classname="com.NForce.qa.testcases.DashboardPageTest"/>
  <testcase name="verifyisHardBlockGtPageTest" time="0.017" classname="com.NForce.qa.testcases.HardBlockGTPageTest"/>
  <testcase name="loginPageTitleTest" time="0.015" classname="com.NForce.qa.testcases.LoginPageTest"/>
  <testcase name="controlOnBulkGuardPage" time="0.017" classname="com.NForce.qa.testcases.BulkGuardPageTest"/>
  <testcase name="verfiyMinimizeAllButtonTest" time="0.17" classname="com.NForce.qa.testcases.DashboardPageTest"/>
  <testcase name="validateAddNewParameterTest" time="0.0" classname="com.NForce.qa.testcases.HardBlockGTPageTest">
    <skipped/>
  </testcase> <!-- validateAddNewParameterTest -->
  <testcase name="checkIfNForceLogoPresent" time="0.136" classname="com.NForce.qa.testcases.LoginPageTest"/>
  <testcase name="verfiyExpandAllButtonTest" time="0.147" classname="com.NForce.qa.testcases.DashboardPageTest"/>
  <testcase name="loginTest" time="0.429" classname="com.NForce.qa.testcases.LoginPageTest"/>
  <testcase name="verfiyReloadButtonTest" time="0.166" classname="com.NForce.qa.testcases.DashboardPageTest"/>
  <testcase name="verifyaddNewDashboardTest" time="0.418" classname="com.NForce.qa.testcases.DashboardPageTest"/>
  <testcase name="verifyclickOnTrafficManagementIconTest" time="2.038" classname="com.NForce.qa.testcases.DashboardPageTest"/>
  <testcase name="controlOnDashboardPage" time="0.03" classname="com.NForce.qa.testcases.DashboardPageTest"/>
</testsuite> <!-- Surefire test -->
