<?xml version="1.0" encoding="UTF-8"?>
<!-- Generated by org.testng.reporters.JUnitXMLReporter -->
<testsuite ignored="0" hostname="DESKTOP-J896QN7" failures="0" tests="3" name="Default test" time="61.162" errors="0" timestamp="22 Jun 2021 14:12:43 GMT">
  <testcase classname="com.NForce.qa.testcases.HardBlockGTPageTest" name="verifyIsHardBlockGtPageTest" time="0.053"/>
  <testcase classname="com.NForce.qa.testcases.HardBlockGTPageTest" name="verifyisHardBlockGtPageTest" time="0.01"/>
  <testcase classname="com.NForce.qa.testcases.HardBlockGTPageTest" name="validateAddNewParameterTest" time="0.0">
    <skipped/>
  </testcase> <!-- validateAddNewParameterTest -->
</testsuite> <!-- Default test -->
