<?xml version="1.0" encoding="UTF-8"?>
<testng-results skipped="1" failed="0" ignored="0" total="18" passed="17">
  <reporter-output>
  </reporter-output>
  <suite name="Surefire suite" duration-ms="294896" started-at="2021-06-28T06:53:53Z" finished-at="2021-06-28T06:58:48Z">
    <groups>
    </groups>
    <test name="Surefire test" duration-ms="294896" started-at="2021-06-28T06:53:53Z" finished-at="2021-06-28T06:58:48Z">
      <class name="com.NForce.qa.testcases.BulkGuardPageTest">
        <test-method status="PASS" signature="setUp()[pri:0, instance:com.NForce.qa.testcases.BulkGuardPageTest@12843fce]" name="setUp" is-config="true" duration-ms="23857" started-at="2021-06-28T11:53:53Z" finished-at="2021-06-28T11:54:17Z">
          <reporter-output>
          </reporter-output>
        </test-method> <!-- setUp -->
        <test-method status="PASS" signature="verifyBulkGuardLabelTest()[pri:1, instance:com.NForce.qa.testcases.BulkGuardPageTest@12843fce]" name="verifyBulkGuardLabelTest" duration-ms="84" started-at="2021-06-28T11:54:17Z" finished-at="2021-06-28T11:54:17Z">
          <reporter-output>
          </reporter-output>
        </test-method> <!-- verifyBulkGuardLabelTest -->
        <test-method status="PASS" signature="tearDown()[pri:0, instance:com.NForce.qa.testcases.BulkGuardPageTest@12843fce]" name="tearDown" is-config="true" duration-ms="731" started-at="2021-06-28T11:54:17Z" finished-at="2021-06-28T11:54:18Z">
          <reporter-output>
          </reporter-output>
        </test-method> <!-- tearDown -->
        <test-method status="PASS" signature="setUp()[pri:0, instance:com.NForce.qa.testcases.BulkGuardPageTest@12843fce]" name="setUp" is-config="true" duration-ms="19049" started-at="2021-06-28T11:55:09Z" finished-at="2021-06-28T11:55:28Z">
          <reporter-output>
          </reporter-output>
        </test-method> <!-- setUp -->
        <test-method status="PASS" signature="verifyClickOnSearchWildcardsTest()[pri:2, instance:com.NForce.qa.testcases.BulkGuardPageTest@12843fce]" name="verifyClickOnSearchWildcardsTest" duration-ms="219" started-at="2021-06-28T11:55:28Z" finished-at="2021-06-28T11:55:28Z">
          <reporter-output>
          </reporter-output>
        </test-method> <!-- verifyClickOnSearchWildcardsTest -->
        <test-method status="PASS" signature="tearDown()[pri:0, instance:com.NForce.qa.testcases.BulkGuardPageTest@12843fce]" name="tearDown" is-config="true" duration-ms="688" started-at="2021-06-28T11:55:28Z" finished-at="2021-06-28T11:55:29Z">
          <reporter-output>
          </reporter-output>
        </test-method> <!-- tearDown -->
        <test-method status="PASS" signature="setUp()[pri:0, instance:com.NForce.qa.testcases.BulkGuardPageTest@12843fce]" name="setUp" is-config="true" duration-ms="17070" started-at="2021-06-28T11:56:23Z" finished-at="2021-06-28T11:56:40Z">
          <reporter-output>
          </reporter-output>
        </test-method> <!-- setUp -->
        <test-method status="PASS" signature="controlOnBulkGuardPage()[pri:3, instance:com.NForce.qa.testcases.BulkGuardPageTest@12843fce]" name="controlOnBulkGuardPage" duration-ms="17" started-at="2021-06-28T11:56:40Z" finished-at="2021-06-28T11:56:40Z">
          <reporter-output>
          </reporter-output>
        </test-method> <!-- controlOnBulkGuardPage -->
        <test-method status="PASS" signature="tearDown()[pri:0, instance:com.NForce.qa.testcases.BulkGuardPageTest@12843fce]" name="tearDown" is-config="true" duration-ms="736" started-at="2021-06-28T11:56:40Z" finished-at="2021-06-28T11:56:41Z">
          <reporter-output>
          </reporter-output>
        </test-method> <!-- tearDown -->
      </class> <!-- com.NForce.qa.testcases.BulkGuardPageTest -->
      <class name="com.NForce.qa.testcases.LoginPageTest">
        <test-method status="PASS" signature="setUp()[pri:0, instance:com.NForce.qa.testcases.LoginPageTest@26f67b76]" name="setUp" is-config="true" duration-ms="6174" started-at="2021-06-28T11:55:02Z" finished-at="2021-06-28T11:55:08Z">
          <reporter-output>
          </reporter-output>
        </test-method> <!-- setUp -->
        <test-method status="PASS" signature="controlOnLoginPage()[pri:1, instance:com.NForce.qa.testcases.LoginPageTest@26f67b76]" name="controlOnLoginPage" duration-ms="30" started-at="2021-06-28T11:55:08Z" finished-at="2021-06-28T11:55:08Z">
          <reporter-output>
          </reporter-output>
        </test-method> <!-- controlOnLoginPage -->
        <test-method status="PASS" signature="tearDown()[pri:0, instance:com.NForce.qa.testcases.LoginPageTest@26f67b76]" name="tearDown" is-config="true" duration-ms="1243" started-at="2021-06-28T11:55:08Z" finished-at="2021-06-28T11:55:09Z">
          <reporter-output>
          </reporter-output>
        </test-method> <!-- tearDown -->
        <test-method status="PASS" signature="setUp()[pri:0, instance:com.NForce.qa.testcases.LoginPageTest@26f67b76]" name="setUp" is-config="true" duration-ms="6622" started-at="2021-06-28T11:56:15Z" finished-at="2021-06-28T11:56:22Z">
          <reporter-output>
          </reporter-output>
        </test-method> <!-- setUp -->
        <test-method status="PASS" signature="loginPageTitleTest()[pri:2, instance:com.NForce.qa.testcases.LoginPageTest@26f67b76]" name="loginPageTitleTest" duration-ms="15" started-at="2021-06-28T11:56:22Z" finished-at="2021-06-28T11:56:22Z">
          <reporter-output>
          </reporter-output>
        </test-method> <!-- loginPageTitleTest -->
        <test-method status="PASS" signature="tearDown()[pri:0, instance:com.NForce.qa.testcases.LoginPageTest@26f67b76]" name="tearDown" is-config="true" duration-ms="1158" started-at="2021-06-28T11:56:22Z" finished-at="2021-06-28T11:56:23Z">
          <reporter-output>
          </reporter-output>
        </test-method> <!-- tearDown -->
        <test-method status="PASS" signature="setUp()[pri:0, instance:com.NForce.qa.testcases.LoginPageTest@26f67b76]" name="setUp" is-config="true" duration-ms="7421" started-at="2021-06-28T11:57:00Z" finished-at="2021-06-28T11:57:07Z">
          <reporter-output>
          </reporter-output>
        </test-method> <!-- setUp -->
        <test-method status="PASS" signature="checkIfNForceLogoPresent()[pri:3, instance:com.NForce.qa.testcases.LoginPageTest@26f67b76]" name="checkIfNForceLogoPresent" duration-ms="136" started-at="2021-06-28T11:57:07Z" finished-at="2021-06-28T11:57:07Z">
          <reporter-output>
          </reporter-output>
        </test-method> <!-- checkIfNForceLogoPresent -->
        <test-method status="PASS" signature="tearDown()[pri:0, instance:com.NForce.qa.testcases.LoginPageTest@26f67b76]" name="tearDown" is-config="true" duration-ms="1343" started-at="2021-06-28T11:57:07Z" finished-at="2021-06-28T11:57:08Z">
          <reporter-output>
          </reporter-output>
        </test-method> <!-- tearDown -->
        <test-method status="PASS" signature="setUp()[pri:0, instance:com.NForce.qa.testcases.LoginPageTest@26f67b76]" name="setUp" is-config="true" duration-ms="6969" started-at="2021-06-28T11:57:26Z" finished-at="2021-06-28T11:57:33Z">
          <reporter-output>
          </reporter-output>
        </test-method> <!-- setUp -->
        <test-method status="PASS" signature="loginTest()[pri:4, instance:com.NForce.qa.testcases.LoginPageTest@26f67b76]" name="loginTest" duration-ms="429" started-at="2021-06-28T11:57:33Z" finished-at="2021-06-28T11:57:34Z">
          <reporter-output>
          </reporter-output>
        </test-method> <!-- loginTest -->
        <test-method status="PASS" signature="tearDown()[pri:0, instance:com.NForce.qa.testcases.LoginPageTest@26f67b76]" name="tearDown" is-config="true" duration-ms="1132" started-at="2021-06-28T11:57:34Z" finished-at="2021-06-28T11:57:35Z">
          <reporter-output>
          </reporter-output>
        </test-method> <!-- tearDown -->
      </class> <!-- com.NForce.qa.testcases.LoginPageTest -->
      <class name="com.NForce.qa.testcases.DashboardPageTest">
        <test-method status="PASS" signature="setUp()[pri:0, instance:com.NForce.qa.testcases.DashboardPageTest@3dd3bcd]" name="setUp" is-config="true" duration-ms="16004" started-at="2021-06-28T11:54:18Z" finished-at="2021-06-28T11:54:34Z">
          <reporter-output>
          </reporter-output>
        </test-method> <!-- setUp -->
        <test-method status="PASS" signature="verifyDashboardTitleTest()[pri:1, instance:com.NForce.qa.testcases.DashboardPageTest@3dd3bcd]" name="verifyDashboardTitleTest" duration-ms="12" started-at="2021-06-28T11:54:34Z" finished-at="2021-06-28T11:54:34Z">
          <reporter-output>
          </reporter-output>
        </test-method> <!-- verifyDashboardTitleTest -->
        <test-method status="PASS" signature="tearDown()[pri:0, instance:com.NForce.qa.testcases.DashboardPageTest@3dd3bcd]" name="tearDown" is-config="true" duration-ms="631" started-at="2021-06-28T11:54:34Z" finished-at="2021-06-28T11:54:35Z">
          <reporter-output>
          </reporter-output>
        </test-method> <!-- tearDown -->
        <test-method status="PASS" signature="setUp()[pri:0, instance:com.NForce.qa.testcases.DashboardPageTest@3dd3bcd]" name="setUp" is-config="true" duration-ms="16724" started-at="2021-06-28T11:55:29Z" finished-at="2021-06-28T11:55:46Z">
          <reporter-output>
          </reporter-output>
        </test-method> <!-- setUp -->
        <test-method status="PASS" signature="verifyUserNameTest()[pri:2, instance:com.NForce.qa.testcases.DashboardPageTest@3dd3bcd]" name="verifyUserNameTest" duration-ms="292" started-at="2021-06-28T11:55:46Z" finished-at="2021-06-28T11:55:46Z">
          <reporter-output>
          </reporter-output>
        </test-method> <!-- verifyUserNameTest -->
        <test-method status="PASS" signature="tearDown()[pri:0, instance:com.NForce.qa.testcases.DashboardPageTest@3dd3bcd]" name="tearDown" is-config="true" duration-ms="671" started-at="2021-06-28T11:55:46Z" finished-at="2021-06-28T11:55:47Z">
          <reporter-output>
          </reporter-output>
        </test-method> <!-- tearDown -->
        <test-method status="PASS" signature="setUp()[pri:0, instance:com.NForce.qa.testcases.DashboardPageTest@3dd3bcd]" name="setUp" is-config="true" duration-ms="17371" started-at="2021-06-28T11:56:41Z" finished-at="2021-06-28T11:56:58Z">
          <reporter-output>
          </reporter-output>
        </test-method> <!-- setUp -->
        <test-method status="PASS" signature="verfiyMinimizeAllButtonTest()[pri:3, instance:com.NForce.qa.testcases.DashboardPageTest@3dd3bcd]" name="verfiyMinimizeAllButtonTest" duration-ms="170" started-at="2021-06-28T11:56:58Z" finished-at="2021-06-28T11:56:59Z">
          <reporter-output>
          </reporter-output>
        </test-method> <!-- verfiyMinimizeAllButtonTest -->
        <test-method status="PASS" signature="tearDown()[pri:0, instance:com.NForce.qa.testcases.DashboardPageTest@3dd3bcd]" name="tearDown" is-config="true" duration-ms="726" started-at="2021-06-28T11:56:59Z" finished-at="2021-06-28T11:56:59Z">
          <reporter-output>
          </reporter-output>
        </test-method> <!-- tearDown -->
        <test-method status="PASS" signature="setUp()[pri:0, instance:com.NForce.qa.testcases.DashboardPageTest@3dd3bcd]" name="setUp" is-config="true" duration-ms="16916" started-at="2021-06-28T11:57:08Z" finished-at="2021-06-28T11:57:25Z">
          <reporter-output>
          </reporter-output>
        </test-method> <!-- setUp -->
        <test-method status="PASS" signature="verfiyExpandAllButtonTest()[pri:4, instance:com.NForce.qa.testcases.DashboardPageTest@3dd3bcd]" name="verfiyExpandAllButtonTest" duration-ms="147" started-at="2021-06-28T11:57:25Z" finished-at="2021-06-28T11:57:26Z">
          <reporter-output>
          </reporter-output>
        </test-method> <!-- verfiyExpandAllButtonTest -->
        <test-method status="PASS" signature="tearDown()[pri:0, instance:com.NForce.qa.testcases.DashboardPageTest@3dd3bcd]" name="tearDown" is-config="true" duration-ms="668" started-at="2021-06-28T11:57:26Z" finished-at="2021-06-28T11:57:26Z">
          <reporter-output>
          </reporter-output>
        </test-method> <!-- tearDown -->
        <test-method status="PASS" signature="setUp()[pri:0, instance:com.NForce.qa.testcases.DashboardPageTest@3dd3bcd]" name="setUp" is-config="true" duration-ms="17374" started-at="2021-06-28T11:57:35Z" finished-at="2021-06-28T11:57:52Z">
          <reporter-output>
          </reporter-output>
        </test-method> <!-- setUp -->
        <test-method status="PASS" signature="verfiyReloadButtonTest()[pri:5, instance:com.NForce.qa.testcases.DashboardPageTest@3dd3bcd]" name="verfiyReloadButtonTest" duration-ms="166" started-at="2021-06-28T11:57:52Z" finished-at="2021-06-28T11:57:52Z">
          <reporter-output>
          </reporter-output>
        </test-method> <!-- verfiyReloadButtonTest -->
        <test-method status="PASS" signature="tearDown()[pri:0, instance:com.NForce.qa.testcases.DashboardPageTest@3dd3bcd]" name="tearDown" is-config="true" duration-ms="761" started-at="2021-06-28T11:57:52Z" finished-at="2021-06-28T11:57:53Z">
          <reporter-output>
          </reporter-output>
        </test-method> <!-- tearDown -->
        <test-method status="PASS" signature="setUp()[pri:0, instance:com.NForce.qa.testcases.DashboardPageTest@3dd3bcd]" name="setUp" is-config="true" duration-ms="16995" started-at="2021-06-28T11:57:53Z" finished-at="2021-06-28T11:58:10Z">
          <reporter-output>
          </reporter-output>
        </test-method> <!-- setUp -->
        <test-method status="PASS" signature="verifyaddNewDashboardTest()[pri:6, instance:com.NForce.qa.testcases.DashboardPageTest@3dd3bcd]" name="verifyaddNewDashboardTest" duration-ms="418" started-at="2021-06-28T11:58:10Z" finished-at="2021-06-28T11:58:10Z">
          <reporter-output>
          </reporter-output>
        </test-method> <!-- verifyaddNewDashboardTest -->
        <test-method status="PASS" signature="tearDown()[pri:0, instance:com.NForce.qa.testcases.DashboardPageTest@3dd3bcd]" name="tearDown" is-config="true" duration-ms="703" started-at="2021-06-28T11:58:10Z" finished-at="2021-06-28T11:58:11Z">
          <reporter-output>
          </reporter-output>
        </test-method> <!-- tearDown -->
        <test-method status="PASS" signature="setUp()[pri:0, instance:com.NForce.qa.testcases.DashboardPageTest@3dd3bcd]" name="setUp" is-config="true" duration-ms="16603" started-at="2021-06-28T11:58:11Z" finished-at="2021-06-28T11:58:28Z">
          <reporter-output>
          </reporter-output>
        </test-method> <!-- setUp -->
        <test-method status="PASS" signature="verifyclickOnTrafficManagementIconTest()[pri:7, instance:com.NForce.qa.testcases.DashboardPageTest@3dd3bcd]" name="verifyclickOnTrafficManagementIconTest" duration-ms="2038" started-at="2021-06-28T11:58:28Z" finished-at="2021-06-28T11:58:30Z">
          <reporter-output>
          </reporter-output>
        </test-method> <!-- verifyclickOnTrafficManagementIconTest -->
        <test-method status="PASS" signature="tearDown()[pri:0, instance:com.NForce.qa.testcases.DashboardPageTest@3dd3bcd]" name="tearDown" is-config="true" duration-ms="768" started-at="2021-06-28T11:58:30Z" finished-at="2021-06-28T11:58:31Z">
          <reporter-output>
          </reporter-output>
        </test-method> <!-- tearDown -->
        <test-method status="PASS" signature="setUp()[pri:0, instance:com.NForce.qa.testcases.DashboardPageTest@3dd3bcd]" name="setUp" is-config="true" duration-ms="16577" started-at="2021-06-28T11:58:31Z" finished-at="2021-06-28T11:58:47Z">
          <reporter-output>
          </reporter-output>
        </test-method> <!-- setUp -->
        <test-method status="PASS" signature="controlOnDashboardPage()[pri:8, instance:com.NForce.qa.testcases.DashboardPageTest@3dd3bcd]" name="controlOnDashboardPage" duration-ms="30" started-at="2021-06-28T11:58:47Z" finished-at="2021-06-28T11:58:47Z">
          <reporter-output>
          </reporter-output>
        </test-method> <!-- controlOnDashboardPage -->
        <test-method status="PASS" signature="tearDown()[pri:0, instance:com.NForce.qa.testcases.DashboardPageTest@3dd3bcd]" name="tearDown" is-config="true" duration-ms="1161" started-at="2021-06-28T11:58:47Z" finished-at="2021-06-28T11:58:48Z">
          <reporter-output>
          </reporter-output>
        </test-method> <!-- tearDown -->
      </class> <!-- com.NForce.qa.testcases.DashboardPageTest -->
      <class name="com.NForce.qa.testcases.HardBlockGTPageTest">
        <test-method status="PASS" signature="setUp()[pri:0, instance:com.NForce.qa.testcases.HardBlockGTPageTest@97e1986]" name="setUp" is-config="true" duration-ms="24377" started-at="2021-06-28T11:54:35Z" finished-at="2021-06-28T11:54:59Z">
          <reporter-output>
          </reporter-output>
        </test-method> <!-- setUp -->
        <test-method status="PASS" signature="verifyIsHardBlockGtPageTest()[pri:1, instance:com.NForce.qa.testcases.HardBlockGTPageTest@97e1986]" name="verifyIsHardBlockGtPageTest" duration-ms="1626" started-at="2021-06-28T11:54:59Z" finished-at="2021-06-28T11:55:01Z">
          <reporter-output>
          </reporter-output>
        </test-method> <!-- verifyIsHardBlockGtPageTest -->
        <test-method status="PASS" signature="tearDown()[pri:0, instance:com.NForce.qa.testcases.HardBlockGTPageTest@97e1986]" name="tearDown" is-config="true" duration-ms="760" started-at="2021-06-28T11:55:01Z" finished-at="2021-06-28T11:55:02Z">
          <reporter-output>
          </reporter-output>
        </test-method> <!-- tearDown -->
        <test-method status="PASS" signature="setUp()[pri:0, instance:com.NForce.qa.testcases.HardBlockGTPageTest@97e1986]" name="setUp" is-config="true" duration-ms="27949" started-at="2021-06-28T11:55:47Z" finished-at="2021-06-28T11:56:15Z">
          <reporter-output>
          </reporter-output>
        </test-method> <!-- setUp -->
        <test-method status="PASS" signature="verifyisHardBlockGtPageTest()[pri:2, instance:com.NForce.qa.testcases.HardBlockGTPageTest@97e1986]" name="verifyisHardBlockGtPageTest" duration-ms="17" started-at="2021-06-28T11:56:15Z" finished-at="2021-06-28T11:56:15Z">
          <reporter-output>
          </reporter-output>
        </test-method> <!-- verifyisHardBlockGtPageTest -->
        <test-method status="PASS" signature="tearDown()[pri:0, instance:com.NForce.qa.testcases.HardBlockGTPageTest@97e1986]" name="tearDown" is-config="true" duration-ms="761" started-at="2021-06-28T11:56:15Z" finished-at="2021-06-28T11:56:15Z">
          <reporter-output>
          </reporter-output>
        </test-method> <!-- tearDown -->
        <test-method status="SKIP" signature="validateAddNewParameterTest(java.lang.String, java.lang.String)[pri:3, instance:com.NForce.qa.testcases.HardBlockGTPageTest@97e1986]" name="validateAddNewParameterTest" duration-ms="0" started-at="2021-06-28T11:57:00Z" data-provider="getIMSTestData" finished-at="2021-06-28T11:57:00Z">
          <exception class="java.lang.RuntimeException">
            <message>
              <![CDATA[java.lang.NoSuchMethodError: org.apache.poi.util.POILogger.log(ILjava/lang/Object;)V]]>
            </message>
            <full-stacktrace>
              <![CDATA[java.lang.RuntimeException: java.lang.NoSuchMethodError: org.apache.poi.util.POILogger.log(ILjava/lang/Object;)V
	at org.testng.internal.MethodInvocationHelper.invokeMethodNoCheckedException(MethodInvocationHelper.java:49)
	at org.testng.internal.MethodInvocationHelper.invokeDataProvider(MethodInvocationHelper.java:115)
	at org.testng.internal.Parameters.handleParameters(Parameters.java:509)
	at org.testng.internal.Invoker.handleParameters(Invoker.java:1308)
	at org.testng.internal.Invoker.createParameters(Invoker.java:1036)
	at org.testng.internal.Invoker.invokeTestMethods(Invoker.java:1126)
	at org.testng.internal.TestMethodWorker.invokeTestMethods(TestMethodWorker.java:126)
	at org.testng.internal.TestMethodWorker.run(TestMethodWorker.java:109)
	at org.testng.TestRunner.privateRun(TestRunner.java:744)
	at org.testng.TestRunner.run(TestRunner.java:602)
	at org.testng.SuiteRunner.runTest(SuiteRunner.java:380)
	at org.testng.SuiteRunner.runSequentially(SuiteRunner.java:375)
	at org.testng.SuiteRunner.privateRun(SuiteRunner.java:340)
	at org.testng.SuiteRunner.run(SuiteRunner.java:289)
	at org.testng.SuiteRunnerWorker.runSuite(SuiteRunnerWorker.java:52)
	at org.testng.SuiteRunnerWorker.run(SuiteRunnerWorker.java:86)
	at org.testng.TestNG.runSuitesSequentially(TestNG.java:1301)
	at org.testng.TestNG.runSuitesLocally(TestNG.java:1226)
	at org.testng.TestNG.runSuites(TestNG.java:1144)
	at org.testng.TestNG.run(TestNG.java:1115)
	at org.apache.maven.surefire.testng.TestNGExecutor.run(TestNGExecutor.java:136)
	at org.apache.maven.surefire.testng.TestNGDirectoryTestSuite.executeMulti(TestNGDirectoryTestSuite.java:193)
	at org.apache.maven.surefire.testng.TestNGDirectoryTestSuite.execute(TestNGDirectoryTestSuite.java:94)
	at org.apache.maven.surefire.testng.TestNGProvider.invoke(TestNGProvider.java:145)
	at org.apache.maven.surefire.booter.ForkedBooter.runSuitesInProcess(ForkedBooter.java:428)
	at org.apache.maven.surefire.booter.ForkedBooter.execute(ForkedBooter.java:162)
	at org.apache.maven.surefire.booter.ForkedBooter.run(ForkedBooter.java:562)
	at org.apache.maven.surefire.booter.ForkedBooter.main(ForkedBooter.java:548)
Caused by: java.lang.NoSuchMethodError: org.apache.poi.util.POILogger.log(ILjava/lang/Object;)V
	at org.apache.poi.openxml4j.opc.PackageRelationshipCollection.parseRelationshipsPart(PackageRelationshipCollection.java:304)
	at org.apache.poi.openxml4j.opc.PackageRelationshipCollection.<init>(PackageRelationshipCollection.java:156)
	at org.apache.poi.openxml4j.opc.PackageRelationshipCollection.<init>(PackageRelationshipCollection.java:124)
	at org.apache.poi.openxml4j.opc.PackagePart.loadRelationships(PackagePart.java:559)
	at org.apache.poi.openxml4j.opc.PackagePart.<init>(PackagePart.java:112)
	at org.apache.poi.openxml4j.opc.PackagePart.<init>(PackagePart.java:83)
	at org.apache.poi.openxml4j.opc.PackagePart.<init>(PackagePart.java:128)
	at org.apache.poi.openxml4j.opc.ZipPackagePart.<init>(ZipPackagePart.java:78)
	at org.apache.poi.openxml4j.opc.ZipPackage.getPartsImpl(ZipPackage.java:218)
	at org.apache.poi.openxml4j.opc.OPCPackage.getParts(OPCPackage.java:662)
	at org.apache.poi.openxml4j.opc.OPCPackage.open(OPCPackage.java:269)
	at org.apache.poi.ss.usermodel.WorkbookFactory.create(WorkbookFactory.java:73)
	at com.NForce.qa.util.TestUtil.getTestData(TestUtil.java:40)
	at com.NForce.qa.testcases.HardBlockGTPageTest.getIMSTestData(HardBlockGTPageTest.java:60)
	at sun.reflect.NativeMethodAccessorImpl.invoke0(Native Method)
	at sun.reflect.NativeMethodAccessorImpl.invoke(NativeMethodAccessorImpl.java:62)
	at sun.reflect.DelegatingMethodAccessorImpl.invoke(DelegatingMethodAccessorImpl.java:43)
	at java.lang.reflect.Method.invoke(Method.java:498)
	at org.testng.internal.MethodInvocationHelper.invokeMethod(MethodInvocationHelper.java:108)
	at org.testng.internal.MethodInvocationHelper.invokeMethod(MethodInvocationHelper.java:55)
	at org.testng.internal.MethodInvocationHelper.invokeMethodNoCheckedException(MethodInvocationHelper.java:45)
	... 27 more
]]>
            </full-stacktrace>
          </exception> <!-- java.lang.RuntimeException -->
          <reporter-output>
          </reporter-output>
        </test-method> <!-- validateAddNewParameterTest -->
      </class> <!-- com.NForce.qa.testcases.HardBlockGTPageTest -->
    </test> <!-- Surefire test -->
  </suite> <!-- Surefire suite -->
</testng-results>
