<?xml version="1.0" encoding="UTF-8"?>
<testng-results ignored="0" total="15" passed="15" failed="0" skipped="0">
  <reporter-output>
  </reporter-output>
  <suite started-at="2021-06-24T09:24:54Z" name="NForce Application Test Automation Test Suite" finished-at="2021-06-24T09:29:14Z" duration-ms="260591">
    <groups>
    </groups>
    <test started-at="2021-06-24T09:24:54Z" name="NForce Application Test Cases" finished-at="2021-06-24T09:29:14Z" duration-ms="260591">
      <class name="com.NForce.qa.testcases.BulkGuardPageTest">
        <test-method is-config="true" signature="setUp()[pri:0, instance:com.NForce.qa.testcases.BulkGuardPageTest@5c669da8]" started-at="2021-06-24T14:25:21Z" name="setUp" finished-at="2021-06-24T14:25:45Z" duration-ms="23414" status="PASS">
          <reporter-output>
          </reporter-output>
        </test-method> <!-- setUp -->
        <test-method signature="verifyBulkGuardLabelTest()[pri:1, instance:com.NForce.qa.testcases.BulkGuardPageTest@5c669da8]" started-at="2021-06-24T14:25:45Z" name="verifyBulkGuardLabelTest" finished-at="2021-06-24T14:25:45Z" duration-ms="54" status="PASS">
          <reporter-output>
          </reporter-output>
        </test-method> <!-- verifyBulkGuardLabelTest -->
        <test-method is-config="true" signature="tearDown()[pri:0, instance:com.NForce.qa.testcases.BulkGuardPageTest@5c669da8]" started-at="2021-06-24T14:25:45Z" name="tearDown" finished-at="2021-06-24T14:25:45Z" duration-ms="663" status="PASS">
          <reporter-output>
          </reporter-output>
        </test-method> <!-- tearDown -->
        <test-method is-config="true" signature="setUp()[pri:0, instance:com.NForce.qa.testcases.BulkGuardPageTest@5c669da8]" started-at="2021-06-24T14:26:11Z" name="setUp" finished-at="2021-06-24T14:26:33Z" duration-ms="21880" status="PASS">
          <reporter-output>
          </reporter-output>
        </test-method> <!-- setUp -->
        <test-method signature="verifyClickOnSearchWildcardsTest()[pri:2, instance:com.NForce.qa.testcases.BulkGuardPageTest@5c669da8]" started-at="2021-06-24T14:26:33Z" name="verifyClickOnSearchWildcardsTest" finished-at="2021-06-24T14:26:33Z" duration-ms="71" status="PASS">
          <reporter-output>
          </reporter-output>
        </test-method> <!-- verifyClickOnSearchWildcardsTest -->
        <test-method is-config="true" signature="tearDown()[pri:0, instance:com.NForce.qa.testcases.BulkGuardPageTest@5c669da8]" started-at="2021-06-24T14:26:33Z" name="tearDown" finished-at="2021-06-24T14:26:34Z" duration-ms="670" status="PASS">
          <reporter-output>
          </reporter-output>
        </test-method> <!-- tearDown -->
        <test-method is-config="true" signature="setUp()[pri:0, instance:com.NForce.qa.testcases.BulkGuardPageTest@5c669da8]" started-at="2021-06-24T14:27:00Z" name="setUp" finished-at="2021-06-24T14:27:25Z" duration-ms="25417" status="PASS">
          <reporter-output>
          </reporter-output>
        </test-method> <!-- setUp -->
        <test-method signature="controlOnBulkGuardPage()[pri:3, instance:com.NForce.qa.testcases.BulkGuardPageTest@5c669da8]" started-at="2021-06-24T14:27:25Z" name="controlOnBulkGuardPage" finished-at="2021-06-24T14:27:25Z" duration-ms="18" status="PASS">
          <reporter-output>
          </reporter-output>
        </test-method> <!-- controlOnBulkGuardPage -->
        <test-method is-config="true" signature="tearDown()[pri:0, instance:com.NForce.qa.testcases.BulkGuardPageTest@5c669da8]" started-at="2021-06-24T14:27:25Z" name="tearDown" finished-at="2021-06-24T14:27:26Z" duration-ms="667" status="PASS">
          <reporter-output>
          </reporter-output>
        </test-method> <!-- tearDown -->
      </class> <!-- com.NForce.qa.testcases.BulkGuardPageTest -->
      <class name="com.NForce.qa.testcases.LoginPageTest">
        <test-method is-config="true" signature="setUp()[pri:0, instance:com.NForce.qa.testcases.LoginPageTest@490caf5f]" started-at="2021-06-24T14:24:54Z" name="setUp" finished-at="2021-06-24T14:25:02Z" duration-ms="8856" status="PASS">
          <reporter-output>
          </reporter-output>
        </test-method> <!-- setUp -->
        <test-method signature="controlOnLoginPage()[pri:1, instance:com.NForce.qa.testcases.LoginPageTest@490caf5f]" started-at="2021-06-24T14:25:02Z" name="controlOnLoginPage" finished-at="2021-06-24T14:25:03Z" duration-ms="13" status="PASS">
          <reporter-output>
          </reporter-output>
        </test-method> <!-- controlOnLoginPage -->
        <test-method is-config="true" signature="tearDown()[pri:0, instance:com.NForce.qa.testcases.LoginPageTest@490caf5f]" started-at="2021-06-24T14:25:03Z" name="tearDown" finished-at="2021-06-24T14:25:03Z" duration-ms="706" status="PASS">
          <reporter-output>
          </reporter-output>
        </test-method> <!-- tearDown -->
        <test-method is-config="true" signature="setUp()[pri:0, instance:com.NForce.qa.testcases.LoginPageTest@490caf5f]" started-at="2021-06-24T14:25:45Z" name="setUp" finished-at="2021-06-24T14:25:52Z" duration-ms="7094" status="PASS">
          <reporter-output>
          </reporter-output>
        </test-method> <!-- setUp -->
        <test-method signature="loginPageTitleTest()[pri:2, instance:com.NForce.qa.testcases.LoginPageTest@490caf5f]" started-at="2021-06-24T14:25:52Z" name="loginPageTitleTest" finished-at="2021-06-24T14:25:52Z" duration-ms="10" status="PASS">
          <reporter-output>
          </reporter-output>
        </test-method> <!-- loginPageTitleTest -->
        <test-method is-config="true" signature="tearDown()[pri:0, instance:com.NForce.qa.testcases.LoginPageTest@490caf5f]" started-at="2021-06-24T14:25:52Z" name="tearDown" finished-at="2021-06-24T14:25:53Z" duration-ms="654" status="PASS">
          <reporter-output>
          </reporter-output>
        </test-method> <!-- tearDown -->
        <test-method is-config="true" signature="setUp()[pri:0, instance:com.NForce.qa.testcases.LoginPageTest@490caf5f]" started-at="2021-06-24T14:26:34Z" name="setUp" finished-at="2021-06-24T14:26:41Z" duration-ms="7022" status="PASS">
          <reporter-output>
          </reporter-output>
        </test-method> <!-- setUp -->
        <test-method signature="checkIfNForceLogoPresent()[pri:3, instance:com.NForce.qa.testcases.LoginPageTest@490caf5f]" started-at="2021-06-24T14:26:41Z" name="checkIfNForceLogoPresent" finished-at="2021-06-24T14:26:41Z" duration-ms="43" status="PASS">
          <reporter-output>
          </reporter-output>
        </test-method> <!-- checkIfNForceLogoPresent -->
        <test-method is-config="true" signature="tearDown()[pri:0, instance:com.NForce.qa.testcases.LoginPageTest@490caf5f]" started-at="2021-06-24T14:26:41Z" name="tearDown" finished-at="2021-06-24T14:26:42Z" duration-ms="700" status="PASS">
          <reporter-output>
          </reporter-output>
        </test-method> <!-- tearDown -->
        <test-method is-config="true" signature="setUp()[pri:0, instance:com.NForce.qa.testcases.LoginPageTest@490caf5f]" started-at="2021-06-24T14:27:26Z" name="setUp" finished-at="2021-06-24T14:27:33Z" duration-ms="7273" status="PASS">
          <reporter-output>
          </reporter-output>
        </test-method> <!-- setUp -->
        <test-method signature="loginTest()[pri:4, instance:com.NForce.qa.testcases.LoginPageTest@490caf5f]" started-at="2021-06-24T14:27:33Z" name="loginTest" finished-at="2021-06-24T14:27:33Z" duration-ms="218" status="PASS">
          <reporter-output>
          </reporter-output>
        </test-method> <!-- loginTest -->
        <test-method is-config="true" signature="tearDown()[pri:0, instance:com.NForce.qa.testcases.LoginPageTest@490caf5f]" started-at="2021-06-24T14:27:33Z" name="tearDown" finished-at="2021-06-24T14:27:34Z" duration-ms="713" status="PASS">
          <reporter-output>
          </reporter-output>
        </test-method> <!-- tearDown -->
      </class> <!-- com.NForce.qa.testcases.LoginPageTest -->
      <class name="com.NForce.qa.testcases.DashboardPageTest">
        <test-method is-config="true" signature="setUp()[pri:0, instance:com.NForce.qa.testcases.DashboardPageTest@6337c201]" started-at="2021-06-24T14:25:03Z" name="setUp" finished-at="2021-06-24T14:25:20Z" duration-ms="17250" status="PASS">
          <reporter-output>
          </reporter-output>
        </test-method> <!-- setUp -->
        <test-method signature="verifyDashboardTitleTest()[pri:1, instance:com.NForce.qa.testcases.DashboardPageTest@6337c201]" started-at="2021-06-24T14:25:20Z" name="verifyDashboardTitleTest" finished-at="2021-06-24T14:25:20Z" duration-ms="9" status="PASS">
          <reporter-output>
          </reporter-output>
        </test-method> <!-- verifyDashboardTitleTest -->
        <test-method is-config="true" signature="tearDown()[pri:0, instance:com.NForce.qa.testcases.DashboardPageTest@6337c201]" started-at="2021-06-24T14:25:20Z" name="tearDown" finished-at="2021-06-24T14:25:21Z" duration-ms="666" status="PASS">
          <reporter-output>
          </reporter-output>
        </test-method> <!-- tearDown -->
        <test-method is-config="true" signature="setUp()[pri:0, instance:com.NForce.qa.testcases.DashboardPageTest@6337c201]" started-at="2021-06-24T14:25:53Z" name="setUp" finished-at="2021-06-24T14:26:10Z" duration-ms="17236" status="PASS">
          <reporter-output>
          </reporter-output>
        </test-method> <!-- setUp -->
        <test-method signature="verifyUserNameTest()[pri:2, instance:com.NForce.qa.testcases.DashboardPageTest@6337c201]" started-at="2021-06-24T14:26:10Z" name="verifyUserNameTest" finished-at="2021-06-24T14:26:10Z" duration-ms="191" status="PASS">
          <reporter-output>
          </reporter-output>
        </test-method> <!-- verifyUserNameTest -->
        <test-method is-config="true" signature="tearDown()[pri:0, instance:com.NForce.qa.testcases.DashboardPageTest@6337c201]" started-at="2021-06-24T14:26:10Z" name="tearDown" finished-at="2021-06-24T14:26:11Z" duration-ms="660" status="PASS">
          <reporter-output>
          </reporter-output>
        </test-method> <!-- tearDown -->
        <test-method is-config="true" signature="setUp()[pri:0, instance:com.NForce.qa.testcases.DashboardPageTest@6337c201]" started-at="2021-06-24T14:26:42Z" name="setUp" finished-at="2021-06-24T14:26:59Z" duration-ms="17615" status="PASS">
          <reporter-output>
          </reporter-output>
        </test-method> <!-- setUp -->
        <test-method signature="verfiyMinimizeAllButtonTest()[pri:3, instance:com.NForce.qa.testcases.DashboardPageTest@6337c201]" started-at="2021-06-24T14:26:59Z" name="verfiyMinimizeAllButtonTest" finished-at="2021-06-24T14:26:59Z" duration-ms="59" status="PASS">
          <reporter-output>
          </reporter-output>
        </test-method> <!-- verfiyMinimizeAllButtonTest -->
        <test-method is-config="true" signature="tearDown()[pri:0, instance:com.NForce.qa.testcases.DashboardPageTest@6337c201]" started-at="2021-06-24T14:26:59Z" name="tearDown" finished-at="2021-06-24T14:27:00Z" duration-ms="662" status="PASS">
          <reporter-output>
          </reporter-output>
        </test-method> <!-- tearDown -->
        <test-method is-config="true" signature="setUp()[pri:0, instance:com.NForce.qa.testcases.DashboardPageTest@6337c201]" started-at="2021-06-24T14:27:34Z" name="setUp" finished-at="2021-06-24T14:27:52Z" duration-ms="17997" status="PASS">
          <reporter-output>
          </reporter-output>
        </test-method> <!-- setUp -->
        <test-method signature="verfiyExpandAllButtonTest()[pri:4, instance:com.NForce.qa.testcases.DashboardPageTest@6337c201]" started-at="2021-06-24T14:27:52Z" name="verfiyExpandAllButtonTest" finished-at="2021-06-24T14:27:52Z" duration-ms="52" status="PASS">
          <reporter-output>
          </reporter-output>
        </test-method> <!-- verfiyExpandAllButtonTest -->
        <test-method is-config="true" signature="tearDown()[pri:0, instance:com.NForce.qa.testcases.DashboardPageTest@6337c201]" started-at="2021-06-24T14:27:52Z" name="tearDown" finished-at="2021-06-24T14:27:53Z" duration-ms="695" status="PASS">
          <reporter-output>
          </reporter-output>
        </test-method> <!-- tearDown -->
        <test-method is-config="true" signature="setUp()[pri:0, instance:com.NForce.qa.testcases.DashboardPageTest@6337c201]" started-at="2021-06-24T14:27:53Z" name="setUp" finished-at="2021-06-24T14:28:11Z" duration-ms="17903" status="PASS">
          <reporter-output>
          </reporter-output>
        </test-method> <!-- setUp -->
        <test-method signature="verfiyReloadButtonTest()[pri:5, instance:com.NForce.qa.testcases.DashboardPageTest@6337c201]" started-at="2021-06-24T14:28:11Z" name="verfiyReloadButtonTest" finished-at="2021-06-24T14:28:11Z" duration-ms="62" status="PASS">
          <reporter-output>
          </reporter-output>
        </test-method> <!-- verfiyReloadButtonTest -->
        <test-method is-config="true" signature="tearDown()[pri:0, instance:com.NForce.qa.testcases.DashboardPageTest@6337c201]" started-at="2021-06-24T14:28:11Z" name="tearDown" finished-at="2021-06-24T14:28:12Z" duration-ms="671" status="PASS">
          <reporter-output>
          </reporter-output>
        </test-method> <!-- tearDown -->
        <test-method is-config="true" signature="setUp()[pri:0, instance:com.NForce.qa.testcases.DashboardPageTest@6337c201]" started-at="2021-06-24T14:28:12Z" name="setUp" finished-at="2021-06-24T14:28:30Z" duration-ms="18175" status="PASS">
          <reporter-output>
          </reporter-output>
        </test-method> <!-- setUp -->
        <test-method signature="verifyaddNewDashboardTest()[pri:6, instance:com.NForce.qa.testcases.DashboardPageTest@6337c201]" started-at="2021-06-24T14:28:30Z" name="verifyaddNewDashboardTest" finished-at="2021-06-24T14:28:30Z" duration-ms="270" status="PASS">
          <reporter-output>
          </reporter-output>
        </test-method> <!-- verifyaddNewDashboardTest -->
        <test-method is-config="true" signature="tearDown()[pri:0, instance:com.NForce.qa.testcases.DashboardPageTest@6337c201]" started-at="2021-06-24T14:28:30Z" name="tearDown" finished-at="2021-06-24T14:28:31Z" duration-ms="682" status="PASS">
          <reporter-output>
          </reporter-output>
        </test-method> <!-- tearDown -->
        <test-method is-config="true" signature="setUp()[pri:0, instance:com.NForce.qa.testcases.DashboardPageTest@6337c201]" started-at="2021-06-24T14:28:31Z" name="setUp" finished-at="2021-06-24T14:28:50Z" duration-ms="18906" status="PASS">
          <reporter-output>
          </reporter-output>
        </test-method> <!-- setUp -->
        <test-method signature="verifyclickOnTrafficManagementIconTest()[pri:7, instance:com.NForce.qa.testcases.DashboardPageTest@6337c201]" started-at="2021-06-24T14:28:50Z" name="verifyclickOnTrafficManagementIconTest" finished-at="2021-06-24T14:28:53Z" duration-ms="3732" status="PASS">
          <reporter-output>
          </reporter-output>
        </test-method> <!-- verifyclickOnTrafficManagementIconTest -->
        <test-method is-config="true" signature="tearDown()[pri:0, instance:com.NForce.qa.testcases.DashboardPageTest@6337c201]" started-at="2021-06-24T14:28:53Z" name="tearDown" finished-at="2021-06-24T14:28:54Z" duration-ms="689" status="PASS">
          <reporter-output>
          </reporter-output>
        </test-method> <!-- tearDown -->
        <test-method is-config="true" signature="setUp()[pri:0, instance:com.NForce.qa.testcases.DashboardPageTest@6337c201]" started-at="2021-06-24T14:28:54Z" name="setUp" finished-at="2021-06-24T14:29:13Z" duration-ms="18768" status="PASS">
          <reporter-output>
          </reporter-output>
        </test-method> <!-- setUp -->
        <test-method signature="controlOnDashboardPage()[pri:8, instance:com.NForce.qa.testcases.DashboardPageTest@6337c201]" started-at="2021-06-24T14:29:13Z" name="controlOnDashboardPage" finished-at="2021-06-24T14:29:14Z" duration-ms="768" status="PASS">
          <reporter-output>
          </reporter-output>
        </test-method> <!-- controlOnDashboardPage -->
        <test-method is-config="true" signature="tearDown()[pri:0, instance:com.NForce.qa.testcases.DashboardPageTest@6337c201]" started-at="2021-06-24T14:29:14Z" name="tearDown" finished-at="2021-06-24T14:29:14Z" duration-ms="674" status="PASS">
          <reporter-output>
          </reporter-output>
        </test-method> <!-- tearDown -->
      </class> <!-- com.NForce.qa.testcases.DashboardPageTest -->
    </test> <!-- NForce Application Test Cases -->
  </suite> <!-- NForce Application Test Automation Test Suite -->
</testng-results>
