<?xml version="1.0" encoding="UTF-8"?>
<!-- Generated by org.testng.reporters.JUnitXMLReporter -->
<testsuite ignored="0" hostname="DESKTOP-J896QN7" failures="0" tests="15" name="NForce Application Test Cases" time="260.591" errors="0" timestamp="24 Jun 2021 09:29:15 GMT">
  <testcase classname="com.NForce.qa.testcases.LoginPageTest" name="controlOnLoginPage" time="0.013"/>
  <testcase classname="com.NForce.qa.testcases.DashboardPageTest" name="verifyDashboardTitleTest" time="0.009"/>
  <testcase classname="com.NForce.qa.testcases.BulkGuardPageTest" name="verifyBulkGuardLabelTest" time="0.054"/>
  <testcase classname="com.NForce.qa.testcases.LoginPageTest" name="loginPageTitleTest" time="0.01"/>
  <testcase classname="com.NForce.qa.testcases.DashboardPageTest" name="verifyUserNameTest" time="0.191"/>
  <testcase classname="com.NForce.qa.testcases.BulkGuardPageTest" name="verifyClickOnSearchWildcardsTest" time="0.071"/>
  <testcase classname="com.NForce.qa.testcases.LoginPageTest" name="checkIfNForceLogoPresent" time="0.043"/>
  <testcase classname="com.NForce.qa.testcases.DashboardPageTest" name="verfiyMinimizeAllButtonTest" time="0.059"/>
  <testcase classname="com.NForce.qa.testcases.BulkGuardPageTest" name="controlOnBulkGuardPage" time="0.018"/>
  <testcase classname="com.NForce.qa.testcases.LoginPageTest" name="loginTest" time="0.218"/>
  <testcase classname="com.NForce.qa.testcases.DashboardPageTest" name="verfiyExpandAllButtonTest" time="0.052"/>
  <testcase classname="com.NForce.qa.testcases.DashboardPageTest" name="verfiyReloadButtonTest" time="0.062"/>
  <testcase classname="com.NForce.qa.testcases.DashboardPageTest" name="verifyaddNewDashboardTest" time="0.27"/>
  <testcase classname="com.NForce.qa.testcases.DashboardPageTest" name="verifyclickOnTrafficManagementIconTest" time="3.732"/>
  <testcase classname="com.NForce.qa.testcases.DashboardPageTest" name="controlOnDashboardPage" time="0.768"/>
</testsuite> <!-- NForce Application Test Cases -->
